<?xml version="1.0" encoding="UTF-8"?>
<!-- Generated by org.testng.reporters.JUnitXMLReporter -->
<testsuite ignored="29" hostname="SSSLT24" failures="2" tests="7" name="Default test(failed)" time="239.616" errors="0" timestamp="2023-03-28T19:12:47 IST">
  <testcase classname="org.utility.Base" name="@BeforeMethod launch" time="5.39">
    <failure type="org.openqa.selenium.WebDriverException" message="disconnected: received Inspector.detached event
  (failed to check if window was closed: disconnected: not connected to DevTools)
  (Session info: chrome=111.0.5563.111)
Build info: version: &amp;apos;3.141.59&amp;apos;, revision: &amp;apos;e82be7d358&amp;apos;, time: &amp;apos;2018-11-14T08:25:53&amp;apos;
System info: host: &amp;apos;SSSLT24&amp;apos;, ip: &amp;apos;192.168.1.92&amp;apos;, os.name: &amp;apos;Windows 11&amp;apos;, os.arch: &amp;apos;amd64&amp;apos;, os.version: &amp;apos;10.0&amp;apos;, java.version: &amp;apos;19.0.2&amp;apos;
Driver info: driver.version: ChromeDriver
remote stacktrace: Backtrace:
	(No symbol) [0x003CDCE3]
	(No symbol) [0x003639D1]
	(No symbol) [0x00274DA8]
	(No symbol) [0x00268F47]
	(No symbol) [0x00268ADB]
	(No symbol) [0x00267F65]
	(No symbol) [0x00267EFC]
	(No symbol) [0x00266BF6]
	(No symbol) [0x00267358]
	(No symbol) [0x00266375]
	(No symbol) [0x00270916]
	(No symbol) [0x002661B5]
	(No symbol) [0x00267C1A]
	(No symbol) [0x00266BF6]
	(No symbol) [0x00267358]
	(No symbol) [0x00266375]
	(No symbol) [0x0026E556]
	(No symbol) [0x002661B5]
	(No symbol) [0x00267C1A]
	(No symbol) [0x00266BF6]
	(No symbol) [0x00267358]
	(No symbol) [0x00266375]
	(No symbol) [0x0026C4CB]
	(No symbol) [0x002661B5]
	(No symbol) [0x00267C1A]
	(No symbol) [0x00266BF6]
	(No symbol) [0x00267358]
	(No symbol) [0x00266375]
	(No symbol) [0x00260B4F]
	(No symbol) [0x002661B5]
	(No symbol) [0x00265B6D]
	(No symbol) [0x0026584C]
	(No symbol) [0x00276143]
	(No symbol) [0x0025C883]
	(No symbol) [0x0025BF75]
	(No symbol) [0x002C177D]
	(No symbol) [0x002C129C]
	(No symbol) [0x002BACC6]
	(No symbol) [0x00296F68]
	(No symbol) [0x002980CD]
	GetHandleVerifier [0x00643832+2506274]
	GetHandleVerifier [0x00679794+2727300]
	GetHandleVerifier [0x0067E36C+2746716]
	GetHandleVerifier [0x00476690+617600]
	(No symbol) [0x0036C712]
	(No symbol) [0x00371FF8]
	(No symbol) [0x003720DB]
	(No symbol) [0x0037C63B]
	BaseThreadInitThunk [0x76E66BD9+25]
	RtlGetFullPathName_UEx [0x77BC8FD2+1218]
	RtlGetFullPathName_UEx [0x77BC8F9D+1165]
">
      <![CDATA[org.openqa.selenium.WebDriverException: disconnected: received Inspector.detached event
  (failed to check if window was closed: disconnected: not connected to DevTools)
  (Session info: chrome=111.0.5563.111)
Build info: version: '3.141.59', revision: 'e82be7d358', time: '2018-11-14T08:25:53'
System info: host: 'SSSLT24', ip: '192.168.1.92', os.name: 'Windows 11', os.arch: 'amd64', os.version: '10.0', java.version: '19.0.2'
Driver info: driver.version: ChromeDriver
remote stacktrace: Backtrace:
(No symbol) [0x003CDCE3]
(No symbol) [0x003639D1]
(No symbol) [0x00274DA8]
(No symbol) [0x00268F47]
(No symbol) [0x00268ADB]
(No symbol) [0x00267F65]
(No symbol) [0x00267EFC]
(No symbol) [0x00266BF6]
(No symbol) [0x00267358]
(No symbol) [0x00266375]
(No symbol) [0x00270916]
(No symbol) [0x002661B5]
(No symbol) [0x00267C1A]
(No symbol) [0x00266BF6]
(No symbol) [0x00267358]
(No symbol) [0x00266375]
(No symbol) [0x0026E556]
(No symbol) [0x002661B5]
(No symbol) [0x00267C1A]
(No symbol) [0x00266BF6]
(No symbol) [0x00267358]
(No symbol) [0x00266375]
(No symbol) [0x0026C4CB]
(No symbol) [0x002661B5]
(No symbol) [0x00267C1A]
(No symbol) [0x00266BF6]
(No symbol) [0x00267358]
(No symbol) [0x00266375]
(No symbol) [0x00260B4F]
(No symbol) [0x002661B5]
(No symbol) [0x00265B6D]
(No symbol) [0x0026584C]
(No symbol) [0x00276143]
(No symbol) [0x0025C883]
(No symbol) [0x0025BF75]
(No symbol) [0x002C177D]
(No symbol) [0x002C129C]
(No symbol) [0x002BACC6]
(No symbol) [0x00296F68]
(No symbol) [0x002980CD]
GetHandleVerifier [0x00643832+2506274]
GetHandleVerifier [0x00679794+2727300]
GetHandleVerifier [0x0067E36C+2746716]
GetHandleVerifier [0x00476690+617600]
(No symbol) [0x0036C712]
(No symbol) [0x00371FF8]
(No symbol) [0x003720DB]
(No symbol) [0x0037C63B]
BaseThreadInitThunk [0x76E66BD9+25]
RtlGetFullPathName_UEx [0x77BC8FD2+1218]
RtlGetFullPathName_UEx [0x77BC8F9D+1165]

at org.openqa.selenium.remote.W3CHandshakeResponse.lambda$errorHandler$0(W3CHandshakeResponse.java:62)
at org.openqa.selenium.remote.HandshakeResponse.lambda$getResponseFunction$0(HandshakeResponse.java:30)
at org.openqa.selenium.remote.ProtocolHandshake.lambda$createSession$0(ProtocolHandshake.java:126)
at java.base/java.util.stream.ReferencePipeline$3$1.accept(ReferencePipeline.java:197)
at java.base/java.util.Spliterators$ArraySpliterator.tryAdvance(Spliterators.java:1016)
at java.base/java.util.stream.ReferencePipeline.forEachWithCancel(ReferencePipeline.java:129)
at java.base/java.util.stream.AbstractPipeline.copyIntoWithCancel(AbstractPipeline.java:527)
at java.base/java.util.stream.AbstractPipeline.copyInto(AbstractPipeline.java:513)
at java.base/java.util.stream.AbstractPipeline.wrapAndCopyInto(AbstractPipeline.java:499)
at java.base/java.util.stream.FindOps$FindOp.evaluateSequential(FindOps.java:150)
at java.base/java.util.stream.AbstractPipeline.evaluate(AbstractPipeline.java:234)
at java.base/java.util.stream.ReferencePipeline.findFirst(ReferencePipeline.java:647)
at org.openqa.selenium.remote.ProtocolHandshake.createSession(ProtocolHandshake.java:128)
at org.openqa.selenium.remote.ProtocolHandshake.createSession(ProtocolHandshake.java:74)
at org.openqa.selenium.remote.HttpCommandExecutor.execute(HttpCommandExecutor.java:136)
at org.openqa.selenium.remote.service.DriverCommandExecutor.execute(DriverCommandExecutor.java:83)
at org.openqa.selenium.remote.RemoteWebDriver.execute(RemoteWebDriver.java:552)
at org.openqa.selenium.remote.RemoteWebDriver.startSession(RemoteWebDriver.java:213)
at org.openqa.selenium.remote.RemoteWebDriver.<init>(RemoteWebDriver.java:131)
at org.openqa.selenium.chrome.ChromeDriver.<init>(ChromeDriver.java:181)
at org.openqa.selenium.chrome.ChromeDriver.<init>(ChromeDriver.java:168)
at org.openqa.selenium.chrome.ChromeDriver.<init>(ChromeDriver.java:123)
at org.utility.Base.launch(Base.java:39)
at java.base/java.util.ArrayList.forEach(ArrayList.java:1511)
... Removed 32 stack frames]]>
    </failure>
  </testcase> <!-- @BeforeMethod launch -->
  <testcase classname="org.utility.Base" name="@AfterMethod close" time="-1.680010966961E9">
    <skipped/>
  </testcase> <!-- @AfterMethod close -->
  <testcase classname="org.utility.Base" name="@BeforeMethod launch" time="-1.680010966964E9">
    <skipped/>
  </testcase> <!-- @BeforeMethod launch -->
  <testcase classname="org.utility.Base" name="@AfterMethod close" time="-1.680010966983E9">
    <skipped/>
  </testcase> <!-- @AfterMethod close -->
  <testcase classname="org.utility.Base" name="@BeforeMethod launch" time="-1.680010966988E9">
    <skipped/>
  </testcase> <!-- @BeforeMethod launch -->
  <testcase classname="org.utility.Base" name="@AfterMethod close" time="-1.680010967009E9">
    <skipped/>
  </testcase> <!-- @AfterMethod close -->
  <testcase classname="org.utility.Base" name="@BeforeMethod launch" time="-1.680010967017E9">
    <skipped/>
  </testcase> <!-- @BeforeMethod launch -->
  <testcase classname="org.utility.Base" name="@AfterMethod close" time="-1.680010967035E9">
    <skipped/>
  </testcase> <!-- @AfterMethod close -->
  <testcase classname="org.test.InstallerSetup" name="TC10" time="85.812">
    <failure type="org.openqa.selenium.StaleElementReferenceException" message="stale element reference: element is not attached to the page document
  (Session info: chrome=111.0.5563.111)
For documentation on this error, please visit: https://www.seleniumhq.org/exceptions/stale_element_reference.html
Build info: version: &amp;apos;3.141.59&amp;apos;, revision: &amp;apos;e82be7d358&amp;apos;, time: &amp;apos;2018-11-14T08:25:53&amp;apos;
System info: host: &amp;apos;SSSLT24&amp;apos;, ip: &amp;apos;192.168.1.92&amp;apos;, os.name: &amp;apos;Windows 11&amp;apos;, os.arch: &amp;apos;amd64&amp;apos;, os.version: &amp;apos;10.0&amp;apos;, java.version: &amp;apos;19.0.2&amp;apos;
Driver info: org.openqa.selenium.chrome.ChromeDriver
Capabilities {acceptInsecureCerts: false, browserName: chrome, browserVersion: 111.0.5563.111, chrome: {chromedriverVersion: 111.0.5563.64 (c710e93d5b63..., userDataDir: C:\Program Files (x86)\scop...}, goog:chromeOptions: {debuggerAddress: localhost:49174}, javascriptEnabled: true, networkConnectionEnabled: false, pageLoadStrategy: normal, platform: WINDOWS, platformName: WINDOWS, proxy: Proxy(), setWindowRect: true, strictFileInteractability: false, timeouts: {implicit: 0, pageLoad: 300000, script: 30000}, unhandledPromptBehavior: dismiss and notify, webauthn:extension:credBlob: true, webauthn:extension:largeBlob: true, webauthn:extension:minPinLength: true, webauthn:extension:prf: true, webauthn:virtualAuthenticators: true}
Session ID: a77a6d2c8f33d6e685d672c96aeae569">
      <![CDATA[org.openqa.selenium.StaleElementReferenceException: stale element reference: element is not attached to the page document
  (Session info: chrome=111.0.5563.111)
For documentation on this error, please visit: https://www.seleniumhq.org/exceptions/stale_element_reference.html
Build info: version: '3.141.59', revision: 'e82be7d358', time: '2018-11-14T08:25:53'
System info: host: 'SSSLT24', ip: '192.168.1.92', os.name: 'Windows 11', os.arch: 'amd64', os.version: '10.0', java.version: '19.0.2'
Driver info: org.openqa.selenium.chrome.ChromeDriver
Capabilities {acceptInsecureCerts: false, browserName: chrome, browserVersion: 111.0.5563.111, chrome: {chromedriverVersion: 111.0.5563.64 (c710e93d5b63..., userDataDir: C:\Program Files (x86)\scop...}, goog:chromeOptions: {debuggerAddress: localhost:49174}, javascriptEnabled: true, networkConnectionEnabled: false, pageLoadStrategy: normal, platform: WINDOWS, platformName: WINDOWS, proxy: Proxy(), setWindowRect: true, strictFileInteractability: false, timeouts: {implicit: 0, pageLoad: 300000, script: 30000}, unhandledPromptBehavior: dismiss and notify, webauthn:extension:credBlob: true, webauthn:extension:largeBlob: true, webauthn:extension:minPinLength: true, webauthn:extension:prf: true, webauthn:virtualAuthenticators: true}
Session ID: a77a6d2c8f33d6e685d672c96aeae569
at org.openqa.selenium.remote.http.W3CHttpResponseCodec.createException(W3CHttpResponseCodec.java:187)
at org.openqa.selenium.remote.http.W3CHttpResponseCodec.decode(W3CHttpResponseCodec.java:122)
at org.openqa.selenium.remote.http.W3CHttpResponseCodec.decode(W3CHttpResponseCodec.java:49)
at org.openqa.selenium.remote.HttpCommandExecutor.execute(HttpCommandExecutor.java:158)
at org.openqa.selenium.remote.service.DriverCommandExecutor.execute(DriverCommandExecutor.java:83)
at org.openqa.selenium.remote.RemoteWebDriver.execute(RemoteWebDriver.java:552)
at org.openqa.selenium.remote.RemoteWebElement.execute(RemoteWebElement.java:285)
at org.openqa.selenium.remote.RemoteWebElement.click(RemoteWebElement.java:84)
at org.openqa.selenium.support.pagefactory.internal.LocatingElementHandler.invoke(LocatingElementHandler.java:51)
at jdk.proxy2/jdk.proxy2.$Proxy12.click(Unknown Source)
at org.action.InstallerActions.IS10(InstallerActions.java:212)
at org.test.InstallerSetup.TC10(InstallerSetup.java:148)
at java.base/java.util.ArrayList.forEach(ArrayList.java:1511)
... Removed 30 stack frames]]>
    </failure>
  </testcase> <!-- TC10 -->
  <testcase classname="org.test.InstallerSetup" name="TC09" time="88.6">
    <failure type="org.openqa.selenium.ElementNotInteractableException" message="element not interactable
  (Session info: chrome=111.0.5563.111)
Build info: version: &amp;apos;3.141.59&amp;apos;, revision: &amp;apos;e82be7d358&amp;apos;, time: &amp;apos;2018-11-14T08:25:53&amp;apos;
System info: host: &amp;apos;SSSLT24&amp;apos;, ip: &amp;apos;192.168.1.92&amp;apos;, os.name: &amp;apos;Windows 11&amp;apos;, os.arch: &amp;apos;amd64&amp;apos;, os.version: &amp;apos;10.0&amp;apos;, java.version: &amp;apos;19.0.2&amp;apos;
Driver info: org.openqa.selenium.chrome.ChromeDriver
Capabilities {acceptInsecureCerts: false, browserName: chrome, browserVersion: 111.0.5563.111, chrome: {chromedriverVersion: 111.0.5563.64 (c710e93d5b63..., userDataDir: C:\Program Files (x86)\scop...}, goog:chromeOptions: {debuggerAddress: localhost:49285}, javascriptEnabled: true, networkConnectionEnabled: false, pageLoadStrategy: normal, platform: WINDOWS, platformName: WINDOWS, proxy: Proxy(), setWindowRect: true, strictFileInteractability: false, timeouts: {implicit: 0, pageLoad: 300000, script: 30000}, unhandledPromptBehavior: dismiss and notify, webauthn:extension:credBlob: true, webauthn:extension:largeBlob: true, webauthn:extension:minPinLength: true, webauthn:extension:prf: true, webauthn:virtualAuthenticators: true}
Session ID: 0e5f5e415b590c6c4dc50fa9132b94d1">
      <![CDATA[org.openqa.selenium.ElementNotInteractableException: element not interactable
  (Session info: chrome=111.0.5563.111)
Build info: version: '3.141.59', revision: 'e82be7d358', time: '2018-11-14T08:25:53'
System info: host: 'SSSLT24', ip: '192.168.1.92', os.name: 'Windows 11', os.arch: 'amd64', os.version: '10.0', java.version: '19.0.2'
Driver info: org.openqa.selenium.chrome.ChromeDriver
Capabilities {acceptInsecureCerts: false, browserName: chrome, browserVersion: 111.0.5563.111, chrome: {chromedriverVersion: 111.0.5563.64 (c710e93d5b63..., userDataDir: C:\Program Files (x86)\scop...}, goog:chromeOptions: {debuggerAddress: localhost:49285}, javascriptEnabled: true, networkConnectionEnabled: false, pageLoadStrategy: normal, platform: WINDOWS, platformName: WINDOWS, proxy: Proxy(), setWindowRect: true, strictFileInteractability: false, timeouts: {implicit: 0, pageLoad: 300000, script: 30000}, unhandledPromptBehavior: dismiss and notify, webauthn:extension:credBlob: true, webauthn:extension:largeBlob: true, webauthn:extension:minPinLength: true, webauthn:extension:prf: true, webauthn:virtualAuthenticators: true}
Session ID: 0e5f5e415b590c6c4dc50fa9132b94d1
at org.openqa.selenium.remote.http.W3CHttpResponseCodec.createException(W3CHttpResponseCodec.java:187)
at org.openqa.selenium.remote.http.W3CHttpResponseCodec.decode(W3CHttpResponseCodec.java:122)
at org.openqa.selenium.remote.http.W3CHttpResponseCodec.decode(W3CHttpResponseCodec.java:49)
at org.openqa.selenium.remote.HttpCommandExecutor.execute(HttpCommandExecutor.java:158)
at org.openqa.selenium.remote.service.DriverCommandExecutor.execute(DriverCommandExecutor.java:83)
at org.openqa.selenium.remote.RemoteWebDriver.execute(RemoteWebDriver.java:552)
at org.openqa.selenium.remote.RemoteWebElement.execute(RemoteWebElement.java:285)
at org.openqa.selenium.remote.RemoteWebElement.click(RemoteWebElement.java:84)
at org.openqa.selenium.support.pagefactory.internal.LocatingElementHandler.invoke(LocatingElementHandler.java:51)
at jdk.proxy2/jdk.proxy2.$Proxy12.click(Unknown Source)
at org.action.InstallerActions.IS09(InstallerActions.java:179)
at org.test.InstallerSetup.TC09(InstallerSetup.java:131)
at java.base/java.util.ArrayList.forEach(ArrayList.java:1511)
... Removed 30 stack frames]]>
    </failure>
  </testcase> <!-- TC09 -->
  <testcase classname="org.test.InstallerSetup" name="TC04" time="35.902"/>
  <testcase classname="org.test.InstallerSetup" name="TC13" time="0.0">
    <skipped/>
  </testcase> <!-- TC13 -->
  <testcase classname="org.test.InstallerSetup" name="TC24" time="0.0">
    <skipped/>
  </testcase> <!-- TC24 -->
  <testcase classname="org.test.InstallerSetup" name="TC12" time="0.0">
    <skipped/>
  </testcase> <!-- TC12 -->
  <testcase classname="org.test.InstallerSetup" name="TC34" time="0.0">
    <skipped/>
  </testcase> <!-- TC34 -->
  <testcase classname="org.test.InstallerSetup" name="TC32" time="0.0">
    <ignored/>
  </testcase> <!-- TC32 -->
  <testcase classname="org.test.InstallerSetup" name="TC31" time="0.0">
    <ignored/>
  </testcase> <!-- TC31 -->
  <testcase classname="org.test.InstallerSetup" name="TC30" time="0.0">
    <ignored/>
  </testcase> <!-- TC30 -->
  <testcase classname="org.test.InstallerSetup" name="TC19" time="0.0">
    <ignored/>
  </testcase> <!-- TC19 -->
  <testcase classname="org.test.InstallerSetup" name="TC11" time="0.0">
    <ignored/>
  </testcase> <!-- TC11 -->
  <testcase classname="org.test.InstallerSetup" name="TC33" time="0.0">
    <ignored/>
  </testcase> <!-- TC33 -->
  <testcase classname="org.test.InstallerSetup" name="TC18" time="0.0">
    <ignored/>
  </testcase> <!-- TC18 -->
  <testcase classname="org.test.InstallerSetup" name="TC17" time="0.0">
    <ignored/>
  </testcase> <!-- TC17 -->
  <testcase classname="org.test.InstallerSetup" name="TC16" time="0.0">
    <ignored/>
  </testcase> <!-- TC16 -->
  <testcase classname="org.test.InstallerSetup" name="TC15" time="0.0">
    <ignored/>
  </testcase> <!-- TC15 -->
  <testcase classname="org.test.InstallerSetup" name="TC14" time="0.0">
    <ignored/>
  </testcase> <!-- TC14 -->
  <testcase classname="org.test.InstallerSetup" name="TC36" time="0.0">
    <ignored/>
  </testcase> <!-- TC36 -->
  <testcase classname="org.test.InstallerSetup" name="TC35" time="0.0">
    <ignored/>
  </testcase> <!-- TC35 -->
  <testcase classname="org.test.InstallerSetup" name="TC21" time="0.0">
    <ignored/>
  </testcase> <!-- TC21 -->
  <testcase classname="org.test.InstallerSetup" name="TC20" time="0.0">
    <ignored/>
  </testcase> <!-- TC20 -->
  <testcase classname="org.test.InstallerSetup" name="TC08" time="0.0">
    <ignored/>
  </testcase> <!-- TC08 -->
  <testcase classname="org.test.InstallerSetup" name="TC22" time="0.0">
    <ignored/>
  </testcase> <!-- TC22 -->
  <testcase classname="org.test.InstallerSetup" name="TC07" time="0.0">
    <ignored/>
  </testcase> <!-- TC07 -->
  <testcase classname="org.test.InstallerSetup" name="TC29" time="0.0">
    <ignored/>
  </testcase> <!-- TC29 -->
  <testcase classname="org.test.InstallerSetup" name="TC06" time="0.0">
    <ignored/>
  </testcase> <!-- TC06 -->
  <testcase classname="org.test.InstallerSetup" name="TC28" time="0.0">
    <ignored/>
  </testcase> <!-- TC28 -->
  <testcase classname="org.test.InstallerSetup" name="TC05" time="0.0">
    <ignored/>
  </testcase> <!-- TC05 -->
  <testcase classname="org.test.InstallerSetup" name="TC27" time="0.0">
    <ignored/>
  </testcase> <!-- TC27 -->
  <testcase classname="org.test.InstallerSetup" name="TC26" time="0.0">
    <ignored/>
  </testcase> <!-- TC26 -->
  <testcase classname="org.test.InstallerSetup" name="TC03" time="0.0">
    <ignored/>
  </testcase> <!-- TC03 -->
  <testcase classname="org.test.InstallerSetup" name="TC25" time="0.0">
    <ignored/>
  </testcase> <!-- TC25 -->
  <testcase classname="org.test.InstallerSetup" name="TC02" time="0.0">
    <ignored/>
  </testcase> <!-- TC02 -->
  <testcase classname="org.test.InstallerSetup" name="TC01" time="0.0">
    <ignored/>
  </testcase> <!-- TC01 -->
  <testcase classname="org.test.InstallerSetup" name="TC23" time="0.0">
    <ignored/>
  </testcase> <!-- TC23 -->
</testsuite> <!-- Default test(failed) -->
