<?xml version="1.0" encoding="UTF-8"?>
<!-- Generated by org.testng.reporters.JUnitReportReporter -->
<testsuite hostname="SSSLT24" failures="0" tests="34" name="org.test.BankSetup" time="494.157" errors="1" timestamp="2023-03-28T20:10:11 IST" skipped="20">
  <testcase classname="org.test.BankSetup" name="TC02" time="35.545"/>
  <system-out/>
  <testcase classname="org.test.BankSetup" name="TC06" time="35.795"/>
  <system-out/>
  <testcase classname="org.test.BankSetup" name="TC28" time="7.138">
    <skipped/>
  </testcase> <!-- TC28 -->
  <system-out/>
  <testcase classname="org.test.BankSetup" name="TC29" time="7.621">
    <skipped/>
  </testcase> <!-- TC29 -->
  <system-out/>
  <testcase classname="org.test.BankSetup" name="TC07" time="37.033"/>
  <system-out/>
  <testcase classname="org.test.BankSetup" name="TC26" time="7.082">
    <skipped/>
  </testcase> <!-- TC26 -->
  <system-out/>
  <testcase classname="org.test.BankSetup" name="TC17" time="7.951">
    <skipped/>
  </testcase> <!-- TC17 -->
  <system-out/>
  <testcase classname="org.test.BankSetup" name="TC04" time="38.780"/>
  <system-out/>
  <testcase classname="org.test.BankSetup" name="TC23" time="6.992">
    <skipped/>
  </testcase> <!-- TC23 -->
  <system-out/>
  <testcase classname="org.test.BankSetup" name="TC14" time="11.208">
    <skipped/>
  </testcase> <!-- TC14 -->
  <system-out/>
  <testcase classname="org.test.BankSetup" name="TC05" time="37.768"/>
  <system-out/>
  <testcase classname="org.test.BankSetup" name="TC20" time="8.997">
    <skipped/>
  </testcase> <!-- TC20 -->
  <system-out/>
  <testcase classname="org.test.BankSetup" name="TC03" time="37.844"/>
  <system-out/>
  <testcase classname="org.test.BankSetup" name="TC30" time="0.000">
    <skipped/>
  </testcase> <!-- TC30 -->
  <system-out/>
  <testcase classname="org.test.BankSetup" name="launch" time="5.555">
    <error message="disconnected: received Inspector.detached event
  (failed to check if window was closed: disconnected: not connected to DevTools)
  (Session info: chrome=111.0.5563.111)
Build info: version: &#039;3.141.59&#039;, revision: &#039;e82be7d358&#039;, time: &#039;2018-11-14T08:25:53&#039;
System info: host: &#039;SSSLT24&#039;, ip: &#039;192.168.1.92&#039;, os.name: &#039;Windows 11&#039;, os.arch: &#039;amd64&#039;, os.version: &#039;10.0&#039;, java.version: &#039;19.0.2&#039;
Driver info: driver.version: ChromeDriver
remote stacktrace: Backtrace:
	(No symbol) [0x003CDCE3]
	(No symbol) [0x003639D1]
	(No symbol) [0x00274DA8]
	(No symbol) [0x00268F47]
	(No symbol) [0x00268ADB]
	(No symbol) [0x00267F65]
	(No symbol) [0x00267EFC]
	(No symbol) [0x00266BF6]
	(No symbol) [0x00267358]
	(No symbol) [0x00266375]
	(No symbol) [0x00270916]
	(No symbol) [0x002661B5]
	(No symbol) [0x00267C1A]
	(No symbol) [0x00266BF6]
	(No symbol) [0x00267358]
	(No symbol) [0x00266375]
	(No symbol) [0x0026E556]
	(No symbol) [0x002661B5]
	(No symbol) [0x00267C1A]
	(No symbol) [0x00266BF6]
	(No symbol) [0x00267358]
	(No symbol) [0x00266375]
	(No symbol) [0x0026C4CB]
	(No symbol) [0x002661B5]
	(No symbol) [0x00267C1A]
	(No symbol) [0x00266BF6]
	(No symbol) [0x00267358]
	(No symbol) [0x00266375]
	(No symbol) [0x00260B4F]
	(No symbol) [0x002661B5]
	(No symbol) [0x00265B6D]
	(No symbol) [0x0026584C]
	(No symbol) [0x00276143]
	(No symbol) [0x0025C883]
	(No symbol) [0x0025BF75]
	(No symbol) [0x002C177D]
	(No symbol) [0x002C129C]
	(No symbol) [0x002BACC6]
	(No symbol) [0x00296F68]
	(No symbol) [0x002980CD]
	GetHandleVerifier [0x00643832+2506274]
	GetHandleVerifier [0x00679794+2727300]
	GetHandleVerifier [0x0067E36C+2746716]
	GetHandleVerifier [0x00476690+617600]
	(No symbol) [0x0036C712]
	(No symbol) [0x00371FF8]
	(No symbol) [0x003720DB]
	(No symbol) [0x0037C63B]
	BaseThreadInitThunk [0x76E66BD9+25]
	RtlGetFullPathName_UEx [0x77BC8FD2+1218]
	RtlGetFullPathName_UEx [0x77BC8F9D+1165]
" type="org.openqa.selenium.WebDriverException">
      <![CDATA[org.openqa.selenium.WebDriverException: disconnected: received Inspector.detached event
  (failed to check if window was closed: disconnected: not connected to DevTools)
  (Session info: chrome=111.0.5563.111)
Build info: version: '3.141.59', revision: 'e82be7d358', time: '2018-11-14T08:25:53'
System info: host: 'SSSLT24', ip: '192.168.1.92', os.name: 'Windows 11', os.arch: 'amd64', os.version: '10.0', java.version: '19.0.2'
Driver info: driver.version: ChromeDriver
remote stacktrace: Backtrace:
(No symbol) [0x003CDCE3]
(No symbol) [0x003639D1]
(No symbol) [0x00274DA8]
(No symbol) [0x00268F47]
(No symbol) [0x00268ADB]
(No symbol) [0x00267F65]
(No symbol) [0x00267EFC]
(No symbol) [0x00266BF6]
(No symbol) [0x00267358]
(No symbol) [0x00266375]
(No symbol) [0x00270916]
(No symbol) [0x002661B5]
(No symbol) [0x00267C1A]
(No symbol) [0x00266BF6]
(No symbol) [0x00267358]
(No symbol) [0x00266375]
(No symbol) [0x0026E556]
(No symbol) [0x002661B5]
(No symbol) [0x00267C1A]
(No symbol) [0x00266BF6]
(No symbol) [0x00267358]
(No symbol) [0x00266375]
(No symbol) [0x0026C4CB]
(No symbol) [0x002661B5]
(No symbol) [0x00267C1A]
(No symbol) [0x00266BF6]
(No symbol) [0x00267358]
(No symbol) [0x00266375]
(No symbol) [0x00260B4F]
(No symbol) [0x002661B5]
(No symbol) [0x00265B6D]
(No symbol) [0x0026584C]
(No symbol) [0x00276143]
(No symbol) [0x0025C883]
(No symbol) [0x0025BF75]
(No symbol) [0x002C177D]
(No symbol) [0x002C129C]
(No symbol) [0x002BACC6]
(No symbol) [0x00296F68]
(No symbol) [0x002980CD]
GetHandleVerifier [0x00643832+2506274]
GetHandleVerifier [0x00679794+2727300]
GetHandleVerifier [0x0067E36C+2746716]
GetHandleVerifier [0x00476690+617600]
(No symbol) [0x0036C712]
(No symbol) [0x00371FF8]
(No symbol) [0x003720DB]
(No symbol) [0x0037C63B]
BaseThreadInitThunk [0x76E66BD9+25]
RtlGetFullPathName_UEx [0x77BC8FD2+1218]
RtlGetFullPathName_UEx [0x77BC8F9D+1165]

at java.base/jdk.internal.reflect.DirectConstructorHandleAccessor.newInstance(DirectConstructorHandleAccessor.java:67)
at java.base/java.lang.reflect.Constructor.newInstanceWithCaller(Constructor.java:500)
at java.base/java.lang.reflect.Constructor.newInstance(Constructor.java:484)
at org.openqa.selenium.remote.W3CHandshakeResponse.lambda$errorHandler$0(W3CHandshakeResponse.java:62)
at org.openqa.selenium.remote.HandshakeResponse.lambda$getResponseFunction$0(HandshakeResponse.java:30)
at org.openqa.selenium.remote.ProtocolHandshake.lambda$createSession$0(ProtocolHandshake.java:126)
at java.base/java.util.stream.ReferencePipeline$3$1.accept(ReferencePipeline.java:197)
at java.base/java.util.Spliterators$ArraySpliterator.tryAdvance(Spliterators.java:1016)
at java.base/java.util.stream.ReferencePipeline.forEachWithCancel(ReferencePipeline.java:129)
at java.base/java.util.stream.AbstractPipeline.copyIntoWithCancel(AbstractPipeline.java:527)
at java.base/java.util.stream.AbstractPipeline.copyInto(AbstractPipeline.java:513)
at java.base/java.util.stream.AbstractPipeline.wrapAndCopyInto(AbstractPipeline.java:499)
at java.base/java.util.stream.FindOps$FindOp.evaluateSequential(FindOps.java:150)
at java.base/java.util.stream.AbstractPipeline.evaluate(AbstractPipeline.java:234)
at java.base/java.util.stream.ReferencePipeline.findFirst(ReferencePipeline.java:647)
at org.openqa.selenium.remote.ProtocolHandshake.createSession(ProtocolHandshake.java:128)
at org.openqa.selenium.remote.ProtocolHandshake.createSession(ProtocolHandshake.java:74)
at org.openqa.selenium.remote.HttpCommandExecutor.execute(HttpCommandExecutor.java:136)
at org.openqa.selenium.remote.service.DriverCommandExecutor.execute(DriverCommandExecutor.java:83)
at org.openqa.selenium.remote.RemoteWebDriver.execute(RemoteWebDriver.java:552)
at org.openqa.selenium.remote.RemoteWebDriver.startSession(RemoteWebDriver.java:213)
at org.openqa.selenium.remote.RemoteWebDriver.<init>(RemoteWebDriver.java:131)
at org.openqa.selenium.chrome.ChromeDriver.<init>(ChromeDriver.java:181)
at org.openqa.selenium.chrome.ChromeDriver.<init>(ChromeDriver.java:168)
at org.openqa.selenium.chrome.ChromeDriver.<init>(ChromeDriver.java:123)
at org.utility.Base.launch(Base.java:39)
at java.base/jdk.internal.reflect.DirectMethodHandleAccessor.invoke(DirectMethodHandleAccessor.java:104)
at java.base/java.lang.reflect.Method.invoke(Method.java:578)
at org.testng.internal.MethodInvocationHelper.invokeMethod(MethodInvocationHelper.java:133)
at org.testng.internal.MethodInvocationHelper.invokeMethodConsideringTimeout(MethodInvocationHelper.java:62)
at org.testng.internal.ConfigInvoker.invokeConfigurationMethod(ConfigInvoker.java:385)
at org.testng.internal.ConfigInvoker.invokeConfigurations(ConfigInvoker.java:321)
at org.testng.internal.TestInvoker.runConfigMethods(TestInvoker.java:700)
at org.testng.internal.TestInvoker.invokeMethod(TestInvoker.java:527)
at org.testng.internal.TestInvoker.invokeTestMethod(TestInvoker.java:173)
at org.testng.internal.MethodRunner.runInSequence(MethodRunner.java:46)
at org.testng.internal.TestInvoker$MethodInvocationAgent.invoke(TestInvoker.java:824)
at org.testng.internal.TestInvoker.invokeTestMethods(TestInvoker.java:146)
at org.testng.internal.TestMethodWorker.invokeTestMethods(TestMethodWorker.java:146)
at org.testng.internal.TestMethodWorker.run(TestMethodWorker.java:128)
at java.base/java.util.ArrayList.forEach(ArrayList.java:1511)
at org.testng.TestRunner.privateRun(TestRunner.java:794)
at org.testng.TestRunner.run(TestRunner.java:596)
at org.testng.SuiteRunner.runTest(SuiteRunner.java:377)
at org.testng.SuiteRunner.runSequentially(SuiteRunner.java:371)
at org.testng.SuiteRunner.privateRun(SuiteRunner.java:332)
at org.testng.SuiteRunner.run(SuiteRunner.java:276)
at org.testng.SuiteRunnerWorker.runSuite(SuiteRunnerWorker.java:53)
at org.testng.SuiteRunnerWorker.run(SuiteRunnerWorker.java:96)
at org.testng.TestNG.runSuitesSequentially(TestNG.java:1212)
at org.testng.TestNG.runSuitesLocally(TestNG.java:1134)
at org.testng.TestNG.runSuites(TestNG.java:1063)
at org.testng.TestNG.run(TestNG.java:1031)
at org.testng.remote.AbstractRemoteTestNG.run(AbstractRemoteTestNG.java:115)
at org.testng.remote.RemoteTestNG.initAndRun(RemoteTestNG.java:251)
at org.testng.remote.RemoteTestNG.main(RemoteTestNG.java:77)
]]>
    </error>
  </testcase> <!-- launch -->
  <system-out/>
  <testcase classname="org.test.BankSetup" name="TC11" time="28.430"/>
  <system-out/>
  <testcase classname="org.test.BankSetup" name="TC27" time="0.000">
    <skipped/>
  </testcase> <!-- TC27 -->
  <system-out/>
  <testcase classname="org.test.BankSetup" name="TC16" time="0.000">
    <skipped/>
  </testcase> <!-- TC16 -->
  <system-out/>
  <testcase classname="org.test.BankSetup" name="TC32" time="0.000">
    <skipped/>
  </testcase> <!-- TC32 -->
  <system-out/>
  <testcase classname="org.test.BankSetup" name="TC19" time="0.000">
    <skipped/>
  </testcase> <!-- TC19 -->
  <system-out/>
  <testcase classname="org.test.BankSetup" name="TC21" time="0.000">
    <skipped/>
  </testcase> <!-- TC21 -->
  <system-out/>
  <testcase classname="org.test.BankSetup" name="TC25" time="0.001">
    <skipped/>
  </testcase> <!-- TC25 -->
  <system-out/>
  <testcase classname="org.test.BankSetup" name="TC33" time="0.000">
    <skipped/>
  </testcase> <!-- TC33 -->
  <system-out/>
  <testcase classname="org.test.BankSetup" name="TC13" time="29.459"/>
  <system-out/>
  <testcase classname="org.test.BankSetup" name="TC24" time="0.000">
    <skipped/>
  </testcase> <!-- TC24 -->
  <system-out/>
  <testcase classname="org.test.BankSetup" name="TC18" time="0.000">
    <skipped/>
  </testcase> <!-- TC18 -->
  <system-out/>
  <testcase classname="org.test.BankSetup" name="TC12" time="28.822"/>
  <system-out/>
  <testcase classname="org.test.BankSetup" name="TC01" time="31.148"/>
  <system-out/>
  <testcase classname="org.test.BankSetup" name="TC10" time="29.351"/>
  <system-out/>
  <testcase classname="org.test.BankSetup" name="TC08" time="32.230"/>
  <system-out/>
  <testcase classname="org.test.BankSetup" name="TC09" time="29.407"/>
  <system-out/>
  <testcase classname="org.test.BankSetup" name="TC15" time="0.000">
    <skipped/>
  </testcase> <!-- TC15 -->
  <system-out/>
  <testcase classname="org.test.BankSetup" name="TC22" time="0.000">
    <skipped/>
  </testcase> <!-- TC22 -->
  <system-out/>
  <testcase classname="org.test.BankSetup" name="TC31" time="0.000">
    <skipped/>
  </testcase> <!-- TC31 -->
  <system-out/>
</testsuite> <!-- org.test.BankSetup -->
